Tic-Stack-Toe/proguard/seeds.txt
com.oakonell.ticstacktoe.MainActivity
com.oakonell.ticstacktoe.MainActivity: MainActivity()
com.oakonell.ticstacktoe.R$anim
com.oakonell.ticstacktoe.R$anim: int fade_in
com.oakonell.ticstacktoe.R$anim: int fade_out
com.oakonell.ticstacktoe.R$anim: int game_stats_dialog_in
com.oakonell.ticstacktoe.R$anim: int game_stats_dialog_out
com.oakonell.ticstacktoe.R$anim: int slide_in_left
com.oakonell.ticstacktoe.R$anim: int slide_in_right
com.oakonell.ticstacktoe.R$anim: int slide_out_left
com.oakonell.ticstacktoe.R$anim: int slide_out_right
com.oakonell.ticstacktoe.R$anim: int tutorial_fade_in
com.oakonell.ticstacktoe.R$anim: int tutorial_fade_out
com.oakonell.ticstacktoe.R$anim: int tutorial_slide_down
com.oakonell.ticstacktoe.R$anim: int tutorial_slide_up
com.oakonell.ticstacktoe.R$array
com.oakonell.ticstacktoe.R$array: int copy_for_face_book
com.oakonell.ticstacktoe.R$array: int copy_for_face_book_description
com.oakonell.ticstacktoe.R$attr
com.oakonell.ticstacktoe.R$attr: int actionBarDivider
com.oakonell.ticstacktoe.R$attr: int actionBarItemBackground
com.oakonell.ticstacktoe.R$attr: int actionBarSize
com.oakonell.ticstacktoe.R$attr: int actionBarSplitStyle
com.oakonell.ticstacktoe.R$attr: int actionBarStyle
com.oakonell.ticstacktoe.R$attr: int actionBarTabBarStyle
com.oakonell.ticstacktoe.R$attr: int actionBarTabStyle
com.oakonell.ticstacktoe.R$attr: int actionBarTabTextStyle
com.oakonell.ticstacktoe.R$attr: int actionBarWidgetTheme
com.oakonell.ticstacktoe.R$attr: int actionButtonStyle
com.oakonell.ticstacktoe.R$attr: int actionDropDownStyle
com.oakonell.ticstacktoe.R$attr: int actionMenuTextAppearance
com.oakonell.ticstacktoe.R$attr: int actionMenuTextColor
com.oakonell.ticstacktoe.R$attr: int actionModeBackground
com.oakonell.ticstacktoe.R$attr: int actionModeCloseButtonStyle
com.oakonell.ticstacktoe.R$attr: int actionModeCloseDrawable
com.oakonell.ticstacktoe.R$attr: int actionModePopupWindowStyle
com.oakonell.ticstacktoe.R$attr: int actionModeShareDrawable
com.oakonell.ticstacktoe.R$attr: int actionModeSplitBackground
com.oakonell.ticstacktoe.R$attr: int actionModeStyle
com.oakonell.ticstacktoe.R$attr: int actionOverflowButtonStyle
com.oakonell.ticstacktoe.R$attr: int actionSpinnerItemStyle
com.oakonell.ticstacktoe.R$attr: int activatedBackgroundIndicator
com.oakonell.ticstacktoe.R$attr: int activityChooserViewStyle
com.oakonell.ticstacktoe.R$attr: int adSize
com.oakonell.ticstacktoe.R$bool
com.oakonell.ticstacktoe.R$bool: int abs__action_bar_embed_tabs
com.oakonell.ticstacktoe.R$bool: int abs__action_bar_expanded_action_views_exclusive
com.oakonell.ticstacktoe.R$bool: int abs__config_actionMenuItemAllCaps
com.oakonell.ticstacktoe.R$bool: int abs__config_allowActionMenuItemTextWithIcon
com.oakonell.ticstacktoe.R$bool: int abs__config_showMenuShortcutsWhenKeyboardPresent
com.oakonell.ticstacktoe.R$bool: int abs__split_action_bar_is_narrow
com.oakonell.ticstacktoe.R$bool: int ga_autoActivityTracking
com.oakonell.ticstacktoe.R$bool: int ga_reportUncaughtExceptions
com.oakonell.ticstacktoe.R$bool: int spb_default_mirror_mode
com.oakonell.ticstacktoe.R$bool: int spb_default_reversed
...
com.google.android.gms.maps.model.GroundOverlayOptions
com.google.android.gms.maps.model.GroundOverlayOptions: com.google.android.gms.maps.model.GroundOverlayOptionsCreator CREATOR
com.google.android.gms.maps.model.LatLng
com.google.android.gms.maps.model.LatLng: com.google.android.gms.maps.model.LatLngCreator CREATOR
com.google.android.gms.maps.model.LatLngBounds
com.google.android.gms.maps.model.LatLngBounds: com.google.android.gms.maps.model.LatLngBoundsCreator CREATOR
com.google.android.gms.maps.model.MarkerOptions
com.google.android.gms.maps.model.MarkerOptions: com.google.android.gms.maps.model.MarkerOptionsCreator CREATOR
com.google.android.gms.maps.model.PolygonOptions
com.google.android.gms.maps.model.PolygonOptions: com.google.android.gms.maps.model.PolygonOptionsCreator CREATOR
com.google.android.gms.maps.model.PolylineOptions
com.google.android.gms.maps.model.PolylineOptions: com.google.android.gms.maps.model.PolylineOptionsCreator CREATOR
com.google.android.gms.maps.model.Tile
com.google.android.gms.maps.model.Tile: com.google.android.gms.maps.model.TileCreator CREATOR
com.google.android.gms.maps.model.TileOverlayOptions
com.google.android.gms.maps.model.TileOverlayOptions: com.google.android.gms.maps.model.TileOverlayOptionsCreator CREATOR
com.google.android.gms.maps.model.VisibleRegion
com.google.android.gms.maps.model.VisibleRegion: com.google.android.gms.maps.model.VisibleRegionCreator CREATOR
com.google.android.gms.plus.PlusOneButton: void setOnPlusOneClickListener(com.google.android.gms.plus.PlusOneButton$OnPlusOneClickListener)
com.google.android.gms.plus.PlusOneButton: void setAnnotation(int)
com.google.android.gms.plus.PlusOneButton: void setSize(int)
com.google.android.gms.plus.PlusOneButtonWithPopup: void setOnClickListener(android.view.View$OnClickListener)
com.google.android.gms.plus.PlusOneButtonWithPopup: void setAnnotation(int)
com.google.android.gms.plus.PlusOneButtonWithPopup: void setSize(int)
com.google.android.gms.plus.PlusOneButtonWithPopup: android.app.PendingIntent getResolution()
com.google.android.gms.wallet.Address
com.google.android.gms.wallet.Address: android.os.Parcelable$Creator CREATOR
com.google.android.gms.wallet.Cart
com.google.android.gms.wallet.Cart: android.os.Parcelable$Creator CREATOR
com.google.android.gms.wallet.CountrySpecification
com.google.android.gms.wallet.CountrySpecification: android.os.Parcelable$Creator CREATOR
com.google.android.gms.wallet.FullWallet
com.google.android.gms.wallet.FullWallet: android.os.Parcelable$Creator CREATOR
com.google.android.gms.wallet.FullWalletRequest
com.google.android.gms.wallet.FullWalletRequest: android.os.Parcelable$Creator CREATOR
com.google.android.gms.wallet.LineItem
com.google.android.gms.wallet.LineItem: android.os.Parcelable$Creator CREATOR
com.google.android.gms.wallet.LoyaltyWalletObject
com.google.android.gms.wallet.LoyaltyWalletObject: android.os.Parcelable$Creator CREATOR
com.google.android.gms.wallet.MaskedWallet
com.google.android.gms.wallet.MaskedWallet: android.os.Parcelable$Creator CREATOR
com.google.android.gms.wallet.MaskedWalletRequest
com.google.android.gms.wallet.MaskedWalletRequest: android.os.Parcelable$Creator CREATOR
com.google.android.gms.wallet.NotifyTransactionStatusRequest
com.google.android.gms.wallet.NotifyTransactionStatusRequest: android.os.Parcelable$Creator CREATOR
com.google.android.gms.wallet.OfferWalletObject
com.google.android.gms.wallet.OfferWalletObject: android.os.Parcelable$Creator CREATOR
com.google.android.gms.wallet.ProxyCard
com.google.android.gms.wallet.ProxyCard: android.os.Parcelable$Creator CREATOR
com.oakonell.utils.NumberPicker: void setOnChangeListener(com.oakonell.utils.NumberPicker$OnChangedListener)
com.oakonell.utils.NumberPicker: void setEnabled(boolean)
com.oakonell.utils.NumberPicker: int getNumber()
com.oakonell.utils.NumberPicker: void setNumber(int)