Tic-Stack-Toe/proguard/mapping.txt
com.oakonell.ticstacktoe.Achievements -> com.oakonell.ticstacktoe.a:
    java.lang.String TAG -> n
    java.util.List endGameAchievements -> o
    java.util.List beatAiAchievements -> p
    java.util.List beatFriendAchievements -> q
    java.util.List inGameAchievements -> r
    com.oakonell.ticstacktoe.Achievements$Achievement finishedTutorial -> a
    com.oakonell.ticstacktoe.Achievements$Achievement beatEasyJunior -> b
    com.oakonell.ticstacktoe.Achievements$Achievement beatMediumJunior -> c
    com.oakonell.ticstacktoe.Achievements$Achievement beatHardJunior -> d
    com.oakonell.ticstacktoe.Achievements$Achievement beatEasyNormal -> e
    com.oakonell.ticstacktoe.Achievements$Achievement beatMediumNormal -> f
    com.oakonell.ticstacktoe.Achievements$Achievement beatHardNormal -> g
    com.oakonell.ticstacktoe.Achievements$Achievement beatEasyStrict -> h
    com.oakonell.ticstacktoe.Achievements$Achievement beatMediumStrict -> i
    com.oakonell.ticstacktoe.Achievements$Achievement beatHardStrict -> j
    com.oakonell.ticstacktoe.Achievements$Achievement beatFriendJunior -> k
    com.oakonell.ticstacktoe.Achievements$Achievement beatFriendNormal -> l
    com.oakonell.ticstacktoe.Achievements$Achievement beatFriendStrict -> m
    boolean hasPending() -> a
    void pushToGoogle(com.oakonell.ticstacktoe.GameContext) -> a
com.oakonell.ticstacktoe.Achievements$1 -> com.oakonell.ticstacktoe.b:
    com.oakonell.ticstacktoe.Achievements this$0 -> a
    void testAndSet(com.oakonell.ticstacktoe.GameContext,com.oakonell.ticstacktoe.model.Game,com.oakonell.ticstacktoe.model.State) -> a
com.oakonell.ticstacktoe.Achievements$10 -> com.oakonell.ticstacktoe.c:
    com.oakonell.ticstacktoe.Achievements this$0 -> a
    boolean checkType(com.oakonell.ticstacktoe.model.GameType) -> a
com.oakonell.ticstacktoe.Achievements$11 -> com.oakonell.ticstacktoe.d:
    com.oakonell.ticstacktoe.Achievements this$0 -> a
    boolean checkType(com.oakonell.ticstacktoe.model.GameType) -> a
com.oakonell.ticstacktoe.Achievements$12 -> com.oakonell.ticstacktoe.e:
    com.oakonell.ticstacktoe.Achievements this$0 -> a
    boolean checkType(com.oakonell.ticstacktoe.model.GameType) -> a
com.oakonell.ticstacktoe.Achievements$13 -> com.oakonell.ticstacktoe.f:
    com.oakonell.ticstacktoe.Achievements this$0 -> a
    boolean checkType(com.oakonell.ticstacktoe.model.GameType) -> a
com.oakonell.ticstacktoe.Achievements$2 -> com.oakonell.ticstacktoe.g:
    com.oakonell.ticstacktoe.Achievements this$0 -> a
    boolean checkType(com.oakonell.ticstacktoe.model.GameType) -> a
com.oakonell.ticstacktoe.Achievements$3 -> com.oakonell.ticstacktoe.h:
    com.oakonell.ticstacktoe.Achievements this$0 -> a
    boolean checkType(com.oakonell.ticstacktoe.model.GameType) -> a
com.oakonell.ticstacktoe.Achievements$4 -> com.oakonell.ticstacktoe.i:
    com.oakonell.ticstacktoe.Achievements this$0 -> a
    boolean checkType(com.oakonell.ticstacktoe.model.GameType) -> a
com.oakonell.ticstacktoe.Achievements$5 -> com.oakonell.ticstacktoe.j:
    com.oakonell.ticstacktoe.Achievements this$0 -> a
    boolean checkType(com.oakonell.ticstacktoe.model.GameType) -> a
com.oakonell.ticstacktoe.Achievements$6 -> com.oakonell.ticstacktoe.k:
    com.oakonell.ticstacktoe.Achievements this$0 -> a
    boolean checkType(com.oakonell.ticstacktoe.model.GameType) -> a
com.oakonell.ticstacktoe.Achievements$7 -> com.oakonell.ticstacktoe.l:
    com.oakonell.ticstacktoe.Achievements this$0 -> a
    boolean checkType(com.oakonell.ticstacktoe.model.GameType) -> a
com.oakonell.ticstacktoe.Achievements$8 -> com.oakonell.ticstacktoe.m:
    com.oakonell.ticstacktoe.Achievements this$0 -> a
    boolean checkType(com.oakonell.ticstacktoe.model.GameType) -> a
com.oakonell.ticstacktoe.Achievements$9 -> com.oakonell.ticstacktoe.n:
    com.oakonell.ticstacktoe.Achievements this$0 -> a
    boolean checkType(com.oakonell.ticstacktoe.model.GameType) -> a
...
com.google.android.gms.games.multiplayer.realtime.RoomConfig$Builder -> com.google.android.gms.games.multiplayer.realtime.i:
    com.google.android.gms.games.multiplayer.realtime.RoomUpdateListener wD -> a
    com.google.android.gms.games.multiplayer.realtime.RoomStatusUpdateListener wE -> b
    com.google.android.gms.games.multiplayer.realtime.RealTimeMessageReceivedListener wF -> c
    java.lang.String wJ -> d
    int wo -> e
    java.util.ArrayList wK -> f
    android.os.Bundle wH -> g
    boolean wI -> h
    com.google.android.gms.games.multiplayer.realtime.RoomConfig$Builder setInvitationIdToAccept(java.lang.String) -> a
    com.google.android.gms.games.multiplayer.realtime.RoomConfig$Builder setRoomStatusUpdateListener(com.google.android.gms.games.multiplayer.realtime.RoomStatusUpdateListener) -> a
    com.google.android.gms.games.multiplayer.realtime.RoomConfig$Builder setMessageReceivedListener(com.google.android.gms.games.multiplayer.realtime.RealTimeMessageReceivedListener) -> a
    com.google.android.gms.games.multiplayer.realtime.RoomConfig$Builder addPlayersToInvite(java.util.ArrayList) -> a
    com.google.android.gms.games.multiplayer.realtime.RoomConfig$Builder setVariant(int) -> a
    com.google.android.gms.games.multiplayer.realtime.RoomConfig$Builder setAutoMatchCriteria(android.os.Bundle) -> a
    com.google.android.gms.games.multiplayer.realtime.RoomConfig build() -> a
com.google.android.gms.games.multiplayer.realtime.RoomEntity -> com.google.android.gms.games.multiplayer.realtime.RoomEntity:
    android.os.Parcelable$Creator CREATOR -> CREATOR
    int kg -> a
    java.lang.String uk -> b
    java.lang.String wL -> c
    long wk -> d
    int wM -> e
    java.lang.String sJ -> f
    int wo -> g
    android.os.Bundle wH -> h
    java.util.ArrayList wn -> i
    int wN -> j
    int getVersionCode() -> k
    java.lang.String getRoomId() -> a
    java.lang.String getCreatorId() -> b
    long getCreationTimestamp() -> c
    int getStatus() -> d
    java.lang.String getDescription() -> e
    int getVariant() -> f
    android.os.Bundle getAutoMatchCriteria() -> g
    java.util.ArrayList getParticipants() -> j
    int getAutoMatchWaitEstimateSeconds() -> i
    java.lang.String getParticipantId(java.lang.String) -> a
    com.google.android.gms.games.multiplayer.realtime.Room freeze() -> l
    int hashCode() -> hashCode
    int a(com.google.android.gms.games.multiplayer.realtime.Room) -> a
    boolean equals(java.lang.Object) -> equals
    boolean a(com.google.android.gms.games.multiplayer.realtime.Room,java.lang.Object) -> a
    java.lang.String toString() -> toString
    java.lang.String b(com.google.android.gms.games.multiplayer.realtime.Room) -> b
    int describeContents() -> describeContents
    void writeToParcel(android.os.Parcel,int) -> writeToParcel
com.google.android.gms.games.multiplayer.realtime.RoomEntity$a -> com.google.android.gms.games.multiplayer.realtime.j:
    com.google.android.gms.games.multiplayer.realtime.RoomEntity ad(android.os.Parcel) -> a
    java.lang.Object createFromParcel(android.os.Parcel) -> createFromParcel