Tic-Stack-Toe/proguard/usage.txt
com.oakonell.ticstacktoe.Achievements$IncrementalAchievement
com.oakonell.ticstacktoe.BuildConfig
com.oakonell.ticstacktoe.GameContext:
    public static final int RC_UNUSED
    public static final int RC_SELECT_PLAYERS
    public static final int RC_WAITING_ROOM
    public static final java.lang.String FRAG_TAG_GAME
    public static final java.lang.String FRAG_TAG_MENU
    public static final java.lang.String FRAG_TAG_START_GAME
com.oakonell.ticstacktoe.GameStrategy:
    private static final java.lang.String BUNDLE_KEY_GAME_STRATEGY_MATCH_ID
    private static final java.lang.String BUNDLE_KEY_GAME_STRATEGY_TYPE
    private static final java.lang.String TAG
    108:108:public int playSound(com.oakonell.ticstacktoe.Sounds,boolean)
    112:113:public void stopSound(int)
com.oakonell.ticstacktoe.Leaderboards:
    19:23:public java.util.List getLeaderboardIds(android.content.Context)
com.oakonell.ticstacktoe.MainActivity:
    private static final java.lang.String TAG
    static final int PURCHASE_PREMIUM_REQUEST
    294:296:public void signOut()
com.oakonell.ticstacktoe.R:
    10:10:public R()
com.oakonell.ticstacktoe.TicStackToe:
    28:28:public com.oakonell.ticstacktoe.utils.DevelopmentUtil$Info getDevelopInfo()
com.oakonell.ticstacktoe.googleapi.BaseGameActivity:
    public static final int CLIENT_GAMES
    public static final int CLIENT_APPSTATE
    public static final int CLIENT_PLUS
    public static final int CLIENT_ALL
    private static final java.lang.String TAG
    135:136:protected void beginUserInitiatedSignIn()
    139:140:protected void signOut()
    147:148:protected void showAlert(java.lang.String,java.lang.String)
    151:155:protected void enableDebugLog(boolean)
    159:162:protected void enableDebugLog(boolean,java.lang.String)
    169:170:protected void reconnectClient()
    173:173:protected boolean hasSignInError()
    177:177:protected com.oakonell.ticstacktoe.googleapi.GameHelper$SignInFailureReason getSignInError()
com.oakonell.ticstacktoe.googleapi.GameHelper:
    static final java.lang.String TAG
    static final int RC_RESOLVE
    static final int RC_UNUSED
    public static final int CLIENT_NONE
    public static final int CLIENT_GAMES
    public static final int CLIENT_PLUS
    public static final int CLIENT_APPSTATE
    public static final int CLIENT_ALL
    static final int DEFAULT_MAX_SIGN_IN_ATTEMPTS
    187:188:public void setMaxAutoSignInAttempts(int)
    200:207:private void doApiOptionsPreCheck()
    211:213:public void setGamesApiOptions(com.google.android.gms.common.api.GoogleApiClient$ApiOptions)
    217:219:public void setAppStateApiOptions(com.google.android.gms.common.api.GoogleApiClient$ApiOptions)
    223:225:public void setPlusApiOptions(com.google.android.gms.common.api.GoogleApiClient$ApiOptions)
    306:306:public boolean isConnecting()
    314:314:public boolean hasSignInError()
    322:322:public com.oakonell.ticstacktoe.googleapi.GameHelper$SignInFailureReason getSignInError()
    327:328:public void setShowErrorDialogs(boolean)
    398:402:public com.google.android.gms.games.multiplayer.Invitation getInvitation()
    406:406:public boolean hasInvitation()
    410:410:public boolean hasTurnBasedMatch()
    414:415:public void clearInvitation()
    418:419:public void clearTurnBasedMatch()
    446:449:public void enableDebugLog(boolean,java.lang.String)
    613:621:public void reconnectClient()
com.oakonell.ticstacktoe.googleapi.GameHelper$SignInFailureReason:
    public static final int NO_ACTIVITY_RESULT_CODE
com.oakonell.ticstacktoe.googleapi.GameHelperUtils:
    public static final int R_UNKNOWN_ERROR
    public static final int R_SIGN_IN_FAILED
    public static final int R_APP_MISCONFIGURED
    public static final int R_LICENSE_FAILED
    20:20:GameHelperUtils()
...
com.google.android.gms.internal.fz$a$1
com.google.android.gms.internal.ga:
    public android.content.Intent getSelectOpponentsIntent(com.google.android.gms.common.api.GoogleApiClient,int,int,boolean)
    public int sendUnreliableMessage(com.google.android.gms.common.api.GoogleApiClient,byte[],java.lang.String,java.lang.String)
    public int sendUnreliableMessage(com.google.android.gms.common.api.GoogleApiClient,byte[],java.lang.String,java.util.List)
    public int sendUnreliableMessageToAll(com.google.android.gms.common.api.GoogleApiClient,byte[],java.lang.String)
    public com.google.android.gms.games.multiplayer.realtime.RealTimeSocket getSocketForParticipant(com.google.android.gms.common.api.GoogleApiClient,java.lang.String,java.lang.String)
    public void dismissInvitation(com.google.android.gms.common.api.GoogleApiClient,java.lang.String)
com.google.android.gms.internal.gb:
    public android.content.Intent getInboxIntent(com.google.android.gms.common.api.GoogleApiClient)
    public void unregisterMatchUpdateListener(com.google.android.gms.common.api.GoogleApiClient)
    public android.content.Intent getSelectOpponentsIntent(com.google.android.gms.common.api.GoogleApiClient,int,int)
    public android.content.Intent getSelectOpponentsIntent(com.google.android.gms.common.api.GoogleApiClient,int,int,boolean)
    public void dismissInvitation(com.google.android.gms.common.api.GoogleApiClient,java.lang.String)
    public com.google.android.gms.common.api.PendingResult takeTurn(com.google.android.gms.common.api.GoogleApiClient,java.lang.String,byte[],java.lang.String,java.util.List)
    public com.google.android.gms.common.api.PendingResult finishMatch(com.google.android.gms.common.api.GoogleApiClient,java.lang.String,byte[],java.util.List)
    public com.google.android.gms.common.api.PendingResult leaveMatch(com.google.android.gms.common.api.GoogleApiClient,java.lang.String)
    public com.google.android.gms.common.api.PendingResult leaveMatchDuringTurn(com.google.android.gms.common.api.GoogleApiClient,java.lang.String,java.lang.String)
    public com.google.android.gms.common.api.PendingResult cancelMatch(com.google.android.gms.common.api.GoogleApiClient,java.lang.String)
com.google.android.gms.internal.gb$7
com.google.android.gms.internal.gb$8
com.google.android.gms.internal.gb$9
com.google.android.gms.internal.gb$a
com.google.android.gms.internal.gb$a$1
com.google.android.gms.internal.gb$b:
    public com.google.android.gms.games.multiplayer.turnbased.TurnBasedMultiplayer$InitiateMatchResult D(com.google.android.gms.common.api.Status)
    public synthetic com.google.android.gms.common.api.Result e(com.google.android.gms.common.api.Status)
com.google.android.gms.internal.gb$b$1
com.google.android.gms.internal.gb$c
com.google.android.gms.internal.gb$c$1
com.google.android.gms.internal.gb$d:
    public com.google.android.gms.games.multiplayer.turnbased.TurnBasedMultiplayer$LoadMatchResult F(com.google.android.gms.common.api.Status)
    public synthetic com.google.android.gms.common.api.Result e(com.google.android.gms.common.api.Status)
com.google.android.gms.internal.gb$d$1
com.google.android.gms.internal.gb$e:
    public com.google.android.gms.games.multiplayer.turnbased.TurnBasedMultiplayer$LoadMatchesResult G(com.google.android.gms.common.api.Status)
    public synthetic com.google.android.gms.common.api.Result e(com.google.android.gms.common.api.Status)
com.google.android.gms.internal.gb$e$1
com.google.android.gms.internal.gb$f:
    public com.google.android.gms.games.multiplayer.turnbased.TurnBasedMultiplayer$UpdateMatchResult H(com.google.android.gms.common.api.Status)
    public synthetic com.google.android.gms.common.api.Result e(com.google.android.gms.common.api.Status)
com.google.android.gms.internal.gb$f$1
com.google.android.gms.internal.gc
com.google.android.gms.internal.gj
com.google.android.gms.internal.gj$a
com.google.android.gms.internal.gj$a$a
com.google.android.gms.internal.gk